2025-09-18 14:39:00 0 [Note] Starting MariaDB 10.4.32-MariaDB source revision c4143f909528e3fab0677a28631d10389354c491 as process 12412
2025-09-18 14:39:00 0 [Note] InnoDB: Mutexes and rw_locks use Windows interlocked functions
2025-09-18 14:39:00 0 [Note] InnoDB: Uses event mutexes
2025-09-18 14:39:00 0 [Note] InnoDB: Compressed tables use zlib 1.3
2025-09-18 14:39:00 0 [Note] InnoDB: Number of pools: 1
2025-09-18 14:39:00 0 [Note] InnoDB: Using SSE2 crc32 instructions
2025-09-18 14:39:00 0 [Note] InnoDB: Initializing buffer pool, total size = 16M, instances = 1, chunk size = 16M
2025-09-18 14:39:00 0 [Note] InnoDB: Completed initialization of buffer pool
2025-09-18 14:39:00 0 [Note] InnoDB: Starting crash recovery from checkpoint LSN=300288
2025-09-18 14:39:00 0 [Note] InnoDB: 128 out of 128 rollback segments are active.
2025-09-18 14:39:00 0 [Note] InnoDB: Removed temporary tablespace data file: "ibtmp1"
2025-09-18 14:39:00 0 [Note] InnoDB: Creating shared tablespace for temporary tables
2025-09-18 14:39:00 0 [Note] InnoDB: Setting file 'C:\OGS\Xampp\mysql\data\ibtmp1' size to 12 MB. Physically writing the file full; Please wait ...
2025-09-18 14:39:00 0 [Note] InnoDB: File 'C:\OGS\Xampp\mysql\data\ibtmp1' size is now 12 MB.
2025-09-18 14:39:00 0 [Note] InnoDB: Waiting for purge to start
2025-09-18 14:39:00 0 [Note] InnoDB: 10.4.32 started; log sequence number 300297; transaction id 170
2025-09-18 14:39:00 0 [Note] InnoDB: Loading buffer pool(s) from C:\OGS\Xampp\mysql\data\ib_buffer_pool
2025-09-18 14:39:00 0 [Note] Plugin 'FEEDBACK' is disabled.
2025-09-18 14:39:00 0 [Note] Server socket created on IP: '::'.
2025-09-22 10:36:05 0 [Note] Starting MariaDB 10.4.32-MariaDB source revision c4143f909528e3fab0677a28631d10389354c491 as process 3208
2025-09-22 10:36:05 0 [Note] mysqld.exe: Aria engine: starting recovery
recovered pages: 0% 14% 58% 85% 96% 100% (0.0 seconds); tables to flush: 2 1 0
 (0.0 seconds); 
2025-09-22 10:36:05 0 [Note] mysqld.exe: Aria engine: recovery done
2025-09-22 10:36:05 0 [Note] InnoDB: Mutexes and rw_locks use Windows interlocked functions
2025-09-22 10:36:05 0 [Note] InnoDB: Uses event mutexes
2025-09-22 10:36:05 0 [Note] InnoDB: Compressed tables use zlib 1.3
2025-09-22 10:36:05 0 [Note] InnoDB: Number of pools: 1
2025-09-22 10:36:05 0 [Note] InnoDB: Using SSE2 crc32 instructions
2025-09-22 10:36:05 0 [Note] InnoDB: Initializing buffer pool, total size = 16M, instances = 1, chunk size = 16M
2025-09-22 10:36:05 0 [Note] InnoDB: Completed initialization of buffer pool
2025-09-22 10:36:05 0 [Note] InnoDB: Starting crash recovery from checkpoint LSN=303858
2025-09-22 10:36:05 0 [Note] InnoDB: 128 out of 128 rollback segments are active.
2025-09-22 10:36:05 0 [Note] InnoDB: Removed temporary tablespace data file: "ibtmp1"
2025-09-22 10:36:05 0 [Note] InnoDB: Creating shared tablespace for temporary tables
2025-09-22 10:36:05 0 [Note] InnoDB: Setting file 'C:\OGS\Xampp\mysql\data\ibtmp1' size to 12 MB. Physically writing the file full; Please wait ...
2025-09-22 10:36:05 0 [Note] InnoDB: File 'C:\OGS\Xampp\mysql\data\ibtmp1' size is now 12 MB.
2025-09-22 10:36:05 0 [Note] InnoDB: Waiting for purge to start
2025-09-22 10:36:05 0 [Note] InnoDB: 10.4.32 started; log sequence number 303867; transaction id 193
2025-09-22 10:36:05 0 [Note] InnoDB: Loading buffer pool(s) from C:\OGS\Xampp\mysql\data\ib_buffer_pool
2025-09-22 10:36:05 0 [Note] Plugin 'FEEDBACK' is disabled.
2025-09-22 10:36:05 0 [Note] InnoDB: Buffer pool(s) load completed at 250922 10:36:05
2025-09-22 10:36:05 0 [Note] Server socket created on IP: '::'.
2025-09-22 10:36:05 0 [Note] Reading of all Master_info entries succeeded
2025-09-22 10:36:05 0 [Note] Added new Master_info '' to hash table
2025-09-22 10:36:05 0 [Note] mysql\bin\mysqld.exe: ready for connections.
Version: '10.4.32-MariaDB'  socket: ''  port: 3306  mariadb.org binary distribution
2025-09-22 10:36:35 0 [Note] Starting MariaDB 10.4.32-MariaDB source revision c4143f909528e3fab0677a28631d10389354c491 as process 4932
2025-09-22 10:36:35 0 [Note] InnoDB: Mutexes and rw_locks use Windows interlocked functions
2025-09-22 10:36:35 0 [Note] InnoDB: Uses event mutexes
2025-09-22 10:36:35 0 [Note] InnoDB: Compressed tables use zlib 1.3
2025-09-22 10:36:35 0 [Note] InnoDB: Number of pools: 1
2025-09-22 10:36:35 0 [Note] InnoDB: Using SSE2 crc32 instructions
2025-09-22 10:36:35 0 [Note] InnoDB: Initializing buffer pool, total size = 16M, instances = 1, chunk size = 16M
2025-09-22 10:36:35 0 [Note] InnoDB: Completed initialization of buffer pool
2025-09-22 10:36:35 0 [Note] InnoDB: Starting crash recovery from checkpoint LSN=303876
2025-09-22 10:36:35 0 [Note] InnoDB: 128 out of 128 rollback segments are active.
2025-09-22 10:36:35 0 [Note] InnoDB: Removed temporary tablespace data file: "ibtmp1"
2025-09-22 10:36:35 0 [Note] InnoDB: Creating shared tablespace for temporary tables
2025-09-22 10:36:35 0 [Note] InnoDB: Setting file 'C:\OGS\Xampp\mysql\data\ibtmp1' size to 12 MB. Physically writing the file full; Please wait ...
2025-09-22 10:36:35 0 [Note] InnoDB: File 'C:\OGS\Xampp\mysql\data\ibtmp1' size is now 12 MB.
2025-09-22 10:36:35 0 [Note] InnoDB: Waiting for purge to start
2025-09-22 10:36:35 0 [Note] InnoDB: 10.4.32 started; log sequence number 303885; transaction id 193
2025-09-22 10:36:35 0 [Note] InnoDB: Loading buffer pool(s) from C:\OGS\Xampp\mysql\data\ib_buffer_pool
2025-09-22 10:36:35 0 [Note] Plugin 'FEEDBACK' is disabled.
2025-09-22 10:36:35 0 [Note] Server socket created on IP: '::'.
2025-09-22 10:37:09 0 [Note] Starting MariaDB 10.4.32-MariaDB source revision c4143f909528e3fab0677a28631d10389354c491 as process 9088
2025-09-22 10:37:09 0 [Note] InnoDB: Mutexes and rw_locks use Windows interlocked functions
2025-09-22 10:37:09 0 [Note] InnoDB: Uses event mutexes
2025-09-22 10:37:09 0 [Note] InnoDB: Compressed tables use zlib 1.3
2025-09-22 10:37:09 0 [Note] InnoDB: Number of pools: 1
2025-09-22 10:37:09 0 [Note] InnoDB: Using SSE2 crc32 instructions
2025-09-22 10:37:09 0 [Note] InnoDB: Initializing buffer pool, total size = 16M, instances = 1, chunk size = 16M
2025-09-22 10:37:09 0 [Note] InnoDB: Completed initialization of buffer pool
2025-09-22 10:37:09 0 [Note] InnoDB: Starting crash recovery from checkpoint LSN=303894
2025-09-22 10:37:09 0 [Note] InnoDB: 128 out of 128 rollback segments are active.
2025-09-22 10:37:09 0 [Note] InnoDB: Removed temporary tablespace data file: "ibtmp1"
2025-09-22 10:37:09 0 [Note] InnoDB: Creating shared tablespace for temporary tables
2025-09-22 10:37:09 0 [Note] InnoDB: Setting file 'C:\OGS\Xampp\mysql\data\ibtmp1' size to 12 MB. Physically writing the file full; Please wait ...
2025-09-22 10:37:09 0 [Note] InnoDB: File 'C:\OGS\Xampp\mysql\data\ibtmp1' size is now 12 MB.
2025-09-22 10:37:09 0 [Note] InnoDB: Waiting for purge to start
2025-09-22 10:37:09 0 [Note] InnoDB: 10.4.32 started; log sequence number 303903; transaction id 193
2025-09-22 10:37:09 0 [Note] InnoDB: Loading buffer pool(s) from C:\OGS\Xampp\mysql\data\ib_buffer_pool
2025-09-22 10:37:09 0 [Note] Plugin 'FEEDBACK' is disabled.
2025-09-22 10:37:09 0 [Note] Server socket created on IP: '::'.
2025-09-22 10:54:52 0 [Note] Starting MariaDB 10.4.32-MariaDB source revision c4143f909528e3fab0677a28631d10389354c491 as process 3544
2025-09-22 10:54:52 0 [Note] InnoDB: Mutexes and rw_locks use Windows interlocked functions
2025-09-22 10:54:52 0 [Note] InnoDB: Uses event mutexes
2025-09-22 10:54:52 0 [Note] InnoDB: Compressed tables use zlib 1.3
2025-09-22 10:54:52 0 [Note] InnoDB: Number of pools: 1
2025-09-22 10:54:52 0 [Note] InnoDB: Using SSE2 crc32 instructions
2025-09-22 10:54:52 0 [Note] InnoDB: Initializing buffer pool, total size = 16M, instances = 1, chunk size = 16M
2025-09-22 10:54:52 0 [Note] InnoDB: Completed initialization of buffer pool
2025-09-22 10:54:52 0 [Note] InnoDB: Starting crash recovery from checkpoint LSN=303912
2025-09-22 10:54:52 0 [Note] InnoDB: 128 out of 128 rollback segments are active.
2025-09-22 10:54:52 0 [Note] InnoDB: Removed temporary tablespace data file: "ibtmp1"
2025-09-22 10:54:52 0 [Note] InnoDB: Creating shared tablespace for temporary tables
2025-09-22 10:54:52 0 [Note] InnoDB: Setting file 'C:\OGS\Xampp\mysql\data\ibtmp1' size to 12 MB. Physically writing the file full; Please wait ...
2025-09-22 10:54:52 0 [Note] InnoDB: File 'C:\OGS\Xampp\mysql\data\ibtmp1' size is now 12 MB.
2025-09-22 10:54:52 0 [Note] InnoDB: Waiting for purge to start
2025-09-22 10:54:52 0 [Note] InnoDB: 10.4.32 started; log sequence number 303921; transaction id 193
2025-09-22 10:54:52 0 [Note] InnoDB: Loading buffer pool(s) from C:\OGS\Xampp\mysql\data\ib_buffer_pool
2025-09-22 10:54:52 0 [Note] Plugin 'FEEDBACK' is disabled.
2025-09-22 10:54:52 0 [Note] Server socket created on IP: '::'.
2025-09-22 10:54:58 0 [Note] Starting MariaDB 10.4.32-MariaDB source revision c4143f909528e3fab0677a28631d10389354c491 as process 11928
2025-09-22 10:54:58 0 [Note] InnoDB: Mutexes and rw_locks use Windows interlocked functions
2025-09-22 10:54:58 0 [Note] InnoDB: Uses event mutexes
2025-09-22 10:54:58 0 [Note] InnoDB: Compressed tables use zlib 1.3
2025-09-22 10:54:58 0 [Note] InnoDB: Number of pools: 1
2025-09-22 10:54:58 0 [Note] InnoDB: Using SSE2 crc32 instructions
2025-09-22 10:54:58 0 [Note] InnoDB: Initializing buffer pool, total size = 16M, instances = 1, chunk size = 16M
2025-09-22 10:54:58 0 [Note] InnoDB: Completed initialization of buffer pool
2025-09-22 10:54:58 0 [Note] InnoDB: Starting crash recovery from checkpoint LSN=303912
2025-09-22 10:54:58 0 [Note] InnoDB: 128 out of 128 rollback segments are active.
2025-09-22 10:54:58 0 [Note] InnoDB: Removed temporary tablespace data file: "ibtmp1"
2025-09-22 10:54:58 0 [Note] InnoDB: Creating shared tablespace for temporary tables
2025-09-22 10:54:58 0 [Note] InnoDB: Setting file 'C:\OGS\Xampp\mysql\data\ibtmp1' size to 12 MB. Physically writing the file full; Please wait ...
2025-09-22 10:54:58 0 [Note] InnoDB: File 'C:\OGS\Xampp\mysql\data\ibtmp1' size is now 12 MB.
2025-09-22 10:54:58 0 [Note] InnoDB: Waiting for purge to start
2025-09-22 10:54:58 0 [Note] InnoDB: 10.4.32 started; log sequence number 303921; transaction id 193
2025-09-22 10:54:58 0 [Note] InnoDB: Loading buffer pool(s) from C:\OGS\Xampp\mysql\data\ib_buffer_pool
2025-09-22 10:54:58 0 [Note] Plugin 'FEEDBACK' is disabled.
2025-09-22 10:54:58 0 [Note] Server socket created on IP: '::'.
2025-09-22 11:29:04 0 [Note] Starting MariaDB 10.4.32-MariaDB source revision c4143f909528e3fab0677a28631d10389354c491 as process 11088
2025-09-22 11:29:04 0 [Note] mysqld.exe: Aria engine: starting recovery
recovered pages: 0% 25% 100% (0.0 seconds); tables to flush: 1 0
 (0.0 seconds); 
2025-09-22 11:29:04 0 [Note] mysqld.exe: Aria engine: recovery done
2025-09-22 11:29:04 0 [Note] InnoDB: Mutexes and rw_locks use Windows interlocked functions
2025-09-22 11:29:04 0 [Note] InnoDB: Uses event mutexes
2025-09-22 11:29:04 0 [Note] InnoDB: Compressed tables use zlib 1.3
2025-09-22 11:29:04 0 [Note] InnoDB: Number of pools: 1
2025-09-22 11:29:04 0 [Note] InnoDB: Using SSE2 crc32 instructions
2025-09-22 11:29:04 0 [Note] InnoDB: Initializing buffer pool, total size = 16M, instances = 1, chunk size = 16M
2025-09-22 11:29:04 0 [Note] InnoDB: Completed initialization of buffer pool
2025-09-22 11:29:04 0 [Note] InnoDB: Starting crash recovery from checkpoint LSN=2645307
2025-09-22 11:29:04 0 [Note] InnoDB: 128 out of 128 rollback segments are active.
2025-09-22 11:29:04 0 [Note] InnoDB: Removed temporary tablespace data file: "ibtmp1"
2025-09-22 11:29:04 0 [Note] InnoDB: Creating shared tablespace for temporary tables
2025-09-22 11:29:04 0 [Note] InnoDB: Setting file 'C:\OGS\Xampp\mysql\data\ibtmp1' size to 12 MB. Physically writing the file full; Please wait ...
2025-09-22 11:29:04 0 [Note] InnoDB: File 'C:\OGS\Xampp\mysql\data\ibtmp1' size is now 12 MB.
2025-09-22 11:29:04 0 [Note] InnoDB: Waiting for purge to start
2025-09-22 11:29:04 0 [Note] InnoDB: 10.4.32 started; log sequence number 2645316; transaction id 1044
2025-09-22 11:29:04 0 [Note] InnoDB: Loading buffer pool(s) from C:\OGS\Xampp\mysql\data\ib_buffer_pool
2025-09-22 11:29:04 0 [Note] Plugin 'FEEDBACK' is disabled.
2025-09-22 11:29:04 0 [Note] InnoDB: Buffer pool(s) load completed at 250922 11:29:04
2025-09-22 11:29:04 0 [Note] Server socket created on IP: '::'.
2025-09-22 11:29:11 0 [Note] Starting MariaDB 10.4.32-MariaDB source revision c4143f909528e3fab0677a28631d10389354c491 as process 1092
2025-09-22 11:29:11 0 [Note] InnoDB: Mutexes and rw_locks use Windows interlocked functions
2025-09-22 11:29:11 0 [Note] InnoDB: Uses event mutexes
2025-09-22 11:29:11 0 [Note] InnoDB: Compressed tables use zlib 1.3
2025-09-22 11:29:11 0 [Note] InnoDB: Number of pools: 1
2025-09-22 11:29:11 0 [Note] InnoDB: Using SSE2 crc32 instructions
2025-09-22 11:29:11 0 [Note] InnoDB: Initializing buffer pool, total size = 16M, instances = 1, chunk size = 16M
2025-09-22 11:29:11 0 [Note] InnoDB: Completed initialization of buffer pool
2025-09-22 11:29:11 0 [Note] InnoDB: Starting crash recovery from checkpoint LSN=2645307
2025-09-22 11:29:12 0 [Note] InnoDB: 128 out of 128 rollback segments are active.
2025-09-22 11:29:12 0 [Note] InnoDB: Removed temporary tablespace data file: "ibtmp1"
2025-09-22 11:29:12 0 [Note] InnoDB: Creating shared tablespace for temporary tables
2025-09-22 11:29:12 0 [Note] InnoDB: Setting file 'C:\OGS\Xampp\mysql\data\ibtmp1' size to 12 MB. Physically writing the file full; Please wait ...
2025-09-22 11:29:12 0 [Note] InnoDB: File 'C:\OGS\Xampp\mysql\data\ibtmp1' size is now 12 MB.
2025-09-22 11:29:12 0 [Note] InnoDB: Waiting for purge to start
2025-09-22 11:29:12 0 [Note] InnoDB: 10.4.32 started; log sequence number 2645316; transaction id 1044
2025-09-22 11:29:12 0 [Note] InnoDB: Loading buffer pool(s) from C:\OGS\Xampp\mysql\data\ib_buffer_pool
2025-09-22 11:29:12 0 [Note] Plugin 'FEEDBACK' is disabled.
2025-09-22 11:29:12 0 [Note] Server socket created on IP: '::'.
2025-09-23 12:24:12 0 [Note] Starting MariaDB 10.4.32-MariaDB source revision c4143f909528e3fab0677a28631d10389354c491 as process 8684
2025-09-23 12:24:12 0 [Note] InnoDB: Mutexes and rw_locks use Windows interlocked functions
2025-09-23 12:24:12 0 [Note] InnoDB: Uses event mutexes
2025-09-23 12:24:12 0 [Note] InnoDB: Compressed tables use zlib 1.3
2025-09-23 12:24:12 0 [Note] InnoDB: Number of pools: 1
2025-09-23 12:24:12 0 [Note] InnoDB: Using SSE2 crc32 instructions
2025-09-23 12:24:12 0 [Note] InnoDB: Initializing buffer pool, total size = 16M, instances = 1, chunk size = 16M
2025-09-23 12:24:12 0 [Note] InnoDB: Completed initialization of buffer pool
2025-09-23 12:24:12 0 [Note] InnoDB: Starting crash recovery from checkpoint LSN=4500043
2025-09-23 12:24:12 0 [Note] InnoDB: 128 out of 128 rollback segments are active.
2025-09-23 12:24:12 0 [Note] InnoDB: Removed temporary tablespace data file: "ibtmp1"
2025-09-23 12:24:12 0 [Note] InnoDB: Creating shared tablespace for temporary tables
2025-09-23 12:24:12 0 [Note] InnoDB: Setting file 'C:\OGS\Xampp\mysql\data\ibtmp1' size to 12 MB. Physically writing the file full; Please wait ...
2025-09-23 12:24:12 0 [Note] InnoDB: File 'C:\OGS\Xampp\mysql\data\ibtmp1' size is now 12 MB.
2025-09-23 12:24:12 0 [Note] InnoDB: Waiting for purge to start
2025-09-23 12:24:12 0 [Note] InnoDB: 10.4.32 started; log sequence number 4500052; transaction id 2274
2025-09-23 12:24:12 0 [Note] InnoDB: Loading buffer pool(s) from C:\OGS\Xampp\mysql\data\ib_buffer_pool
2025-09-23 12:24:12 0 [Note] Plugin 'FEEDBACK' is disabled.
2025-09-23 12:24:12 0 [Note] InnoDB: Buffer pool(s) load completed at 250923 12:24:12
2025-09-23 12:24:12 0 [Note] Server socket created on IP: '::'.
2025-09-24  9:38:26 0 [Note] Starting MariaDB 10.4.32-MariaDB source revision c4143f909528e3fab0677a28631d10389354c491 as process 14140
2025-09-24  9:38:26 0 [Note] InnoDB: Mutexes and rw_locks use Windows interlocked functions
2025-09-24  9:38:26 0 [Note] InnoDB: Uses event mutexes
2025-09-24  9:38:26 0 [Note] InnoDB: Compressed tables use zlib 1.3
2025-09-24  9:38:26 0 [Note] InnoDB: Number of pools: 1
2025-09-24  9:38:26 0 [Note] InnoDB: Using SSE2 crc32 instructions
2025-09-24  9:38:26 0 [Note] InnoDB: Initializing buffer pool, total size = 16M, instances = 1, chunk size = 16M
2025-09-24  9:38:26 0 [Note] InnoDB: Completed initialization of buffer pool
2025-09-24  9:38:26 0 [Note] InnoDB: Starting crash recovery from checkpoint LSN=5310037
2025-09-24  9:38:26 0 [Note] InnoDB: 128 out of 128 rollback segments are active.
2025-09-24  9:38:26 0 [Note] InnoDB: Removed temporary tablespace data file: "ibtmp1"
2025-09-24  9:38:26 0 [Note] InnoDB: Creating shared tablespace for temporary tables
2025-09-24  9:38:26 0 [Note] InnoDB: Setting file 'C:\OGS\Xampp\mysql\data\ibtmp1' size to 12 MB. Physically writing the file full; Please wait ...
2025-09-24  9:38:26 0 [Note] InnoDB: File 'C:\OGS\Xampp\mysql\data\ibtmp1' size is now 12 MB.
2025-09-24  9:38:26 0 [Note] InnoDB: Waiting for purge to start
2025-09-24  9:38:26 0 [Note] InnoDB: 10.4.32 started; log sequence number 5310046; transaction id 2433
2025-09-24  9:38:26 0 [Note] InnoDB: Loading buffer pool(s) from C:\OGS\Xampp\mysql\data\ib_buffer_pool
2025-09-24  9:38:26 0 [Note] Plugin 'FEEDBACK' is disabled.
2025-09-24  9:38:26 0 [Note] InnoDB: Buffer pool(s) load completed at 250924  9:38:26
2025-09-24  9:38:26 0 [Note] Server socket created on IP: '::'.
2025-09-24  9:59:35 0 [Note] Starting MariaDB 10.4.32-MariaDB source revision c4143f909528e3fab0677a28631d10389354c491 as process 10000
2025-09-24  9:59:35 0 [Note] InnoDB: Mutexes and rw_locks use Windows interlocked functions
2025-09-24  9:59:35 0 [Note] InnoDB: Uses event mutexes
2025-09-24  9:59:35 0 [Note] InnoDB: Compressed tables use zlib 1.3
2025-09-24  9:59:35 0 [Note] InnoDB: Number of pools: 1
2025-09-24  9:59:35 0 [Note] InnoDB: Using SSE2 crc32 instructions
2025-09-24  9:59:35 0 [Note] InnoDB: Initializing buffer pool, total size = 16M, instances = 1, chunk size = 16M
2025-09-24  9:59:35 0 [Note] InnoDB: Completed initialization of buffer pool
2025-09-24  9:59:35 0 [Note] InnoDB: Starting crash recovery from checkpoint LSN=5310055
2025-09-24  9:59:36 0 [Note] InnoDB: 128 out of 128 rollback segments are active.
2025-09-24  9:59:36 0 [Note] InnoDB: Removed temporary tablespace data file: "ibtmp1"
2025-09-24  9:59:36 0 [Note] InnoDB: Creating shared tablespace for temporary tables
2025-09-24  9:59:36 0 [Note] InnoDB: Setting file 'C:\OGS\Xampp\mysql\data\ibtmp1' size to 12 MB. Physically writing the file full; Please wait ...
2025-09-24  9:59:36 0 [Note] InnoDB: File 'C:\OGS\Xampp\mysql\data\ibtmp1' size is now 12 MB.
2025-09-24  9:59:36 0 [Note] InnoDB: Waiting for purge to start
2025-09-24  9:59:36 0 [Note] InnoDB: 10.4.32 started; log sequence number 5310064; transaction id 2433
2025-09-24  9:59:36 0 [Note] InnoDB: Loading buffer pool(s) from C:\OGS\Xampp\mysql\data\ib_buffer_pool
2025-09-24  9:59:36 0 [Note] Plugin 'FEEDBACK' is disabled.
2025-09-24  9:59:36 0 [Note] Server socket created on IP: '::'.
2025-09-25 14:02:16 0 [Note] Starting MariaDB 10.4.32-MariaDB source revision c4143f909528e3fab0677a28631d10389354c491 as process 14592
2025-09-25 14:02:16 0 [Note] InnoDB: Mutexes and rw_locks use Windows interlocked functions
2025-09-25 14:02:16 0 [Note] InnoDB: Uses event mutexes
2025-09-25 14:02:16 0 [Note] InnoDB: Compressed tables use zlib 1.3
2025-09-25 14:02:16 0 [Note] InnoDB: Number of pools: 1
2025-09-25 14:02:16 0 [Note] InnoDB: Using SSE2 crc32 instructions
2025-09-25 14:02:16 0 [Note] InnoDB: Initializing buffer pool, total size = 16M, instances = 1, chunk size = 16M
2025-09-25 14:02:16 0 [Note] InnoDB: Completed initialization of buffer pool
2025-09-25 14:02:16 0 [Note] InnoDB: Starting crash recovery from checkpoint LSN=5310073
2025-09-25 14:02:16 0 [Note] InnoDB: 128 out of 128 rollback segments are active.
2025-09-25 14:02:16 0 [Note] InnoDB: Removed temporary tablespace data file: "ibtmp1"
2025-09-25 14:02:16 0 [Note] InnoDB: Creating shared tablespace for temporary tables
2025-09-25 14:02:16 0 [Note] InnoDB: Setting file 'C:\OGS\Xampp\mysql\data\ibtmp1' size to 12 MB. Physically writing the file full; Please wait ...
2025-09-25 14:02:16 0 [Note] InnoDB: File 'C:\OGS\Xampp\mysql\data\ibtmp1' size is now 12 MB.
2025-09-25 14:02:16 0 [Note] InnoDB: Waiting for purge to start
2025-09-25 14:02:16 0 [Note] InnoDB: 10.4.32 started; log sequence number 5310082; transaction id 2433
2025-09-25 14:02:16 0 [Note] InnoDB: Loading buffer pool(s) from C:\OGS\Xampp\mysql\data\ib_buffer_pool
2025-09-25 14:02:16 0 [Note] Plugin 'FEEDBACK' is disabled.
2025-09-25 14:02:16 0 [Note] InnoDB: Buffer pool(s) load completed at 250925 14:02:16
2025-09-25 14:02:16 0 [Note] Server socket created on IP: '::'.
2025-09-25 14:02:18 0 [Note] Starting MariaDB 10.4.32-MariaDB source revision c4143f909528e3fab0677a28631d10389354c491 as process 9188
2025-09-25 14:02:18 0 [Note] InnoDB: Mutexes and rw_locks use Windows interlocked functions
2025-09-25 14:02:18 0 [Note] InnoDB: Uses event mutexes
2025-09-25 14:02:18 0 [Note] InnoDB: Compressed tables use zlib 1.3
2025-09-25 14:02:18 0 [Note] InnoDB: Number of pools: 1
2025-09-25 14:02:18 0 [Note] InnoDB: Using SSE2 crc32 instructions
2025-09-25 14:02:18 0 [Note] InnoDB: Initializing buffer pool, total size = 16M, instances = 1, chunk size = 16M
2025-09-25 14:02:18 0 [Note] InnoDB: Completed initialization of buffer pool
2025-09-25 14:02:18 0 [Note] InnoDB: Starting crash recovery from checkpoint LSN=5310073
2025-09-25 14:02:18 0 [Note] InnoDB: 128 out of 128 rollback segments are active.
2025-09-25 14:02:18 0 [Note] InnoDB: Removed temporary tablespace data file: "ibtmp1"
2025-09-25 14:02:18 0 [Note] InnoDB: Creating shared tablespace for temporary tables
2025-09-25 14:02:18 0 [Note] InnoDB: Setting file 'C:\OGS\Xampp\mysql\data\ibtmp1' size to 12 MB. Physically writing the file full; Please wait ...
2025-09-25 14:02:18 0 [Note] InnoDB: File 'C:\OGS\Xampp\mysql\data\ibtmp1' size is now 12 MB.
2025-09-25 14:02:18 0 [Note] InnoDB: Waiting for purge to start
2025-09-25 14:02:18 0 [Note] InnoDB: 10.4.32 started; log sequence number 5310082; transaction id 2433
2025-09-25 14:02:18 0 [Note] InnoDB: Loading buffer pool(s) from C:\OGS\Xampp\mysql\data\ib_buffer_pool
2025-09-25 14:02:18 0 [Note] Plugin 'FEEDBACK' is disabled.
2025-09-25 14:02:18 0 [Note] Server socket created on IP: '::'.
2025-09-25 14:02:23 0 [Note] Starting MariaDB 10.4.32-MariaDB source revision c4143f909528e3fab0677a28631d10389354c491 as process 5620
2025-09-25 14:02:23 0 [Note] InnoDB: Mutexes and rw_locks use Windows interlocked functions
2025-09-25 14:02:23 0 [Note] InnoDB: Uses event mutexes
2025-09-25 14:02:23 0 [Note] InnoDB: Compressed tables use zlib 1.3
2025-09-25 14:02:23 0 [Note] InnoDB: Number of pools: 1
2025-09-25 14:02:23 0 [Note] InnoDB: Using SSE2 crc32 instructions
2025-09-25 14:02:23 0 [Note] InnoDB: Initializing buffer pool, total size = 16M, instances = 1, chunk size = 16M
2025-09-25 14:02:23 0 [Note] InnoDB: Completed initialization of buffer pool
2025-09-25 14:02:23 0 [Note] InnoDB: Starting crash recovery from checkpoint LSN=5310073
2025-09-25 14:02:23 0 [Note] InnoDB: 128 out of 128 rollback segments are active.
2025-09-25 14:02:23 0 [Note] InnoDB: Removed temporary tablespace data file: "ibtmp1"
2025-09-25 14:02:23 0 [Note] InnoDB: Creating shared tablespace for temporary tables
2025-09-25 14:02:23 0 [Note] InnoDB: Setting file 'C:\OGS\Xampp\mysql\data\ibtmp1' size to 12 MB. Physically writing the file full; Please wait ...
2025-09-25 14:02:23 0 [Note] InnoDB: File 'C:\OGS\Xampp\mysql\data\ibtmp1' size is now 12 MB.
2025-09-25 14:02:23 0 [Note] InnoDB: Waiting for purge to start
2025-09-25 14:02:23 0 [Note] InnoDB: 10.4.32 started; log sequence number 5310082; transaction id 2433
2025-09-25 14:02:23 0 [Note] InnoDB: Loading buffer pool(s) from C:\OGS\Xampp\mysql\data\ib_buffer_pool
2025-09-25 14:02:23 0 [Note] Plugin 'FEEDBACK' is disabled.
2025-09-25 14:02:23 0 [Note] Server socket created on IP: '::'.
2025-09-29 10:28:30 0 [Note] Starting MariaDB 10.4.32-MariaDB source revision c4143f909528e3fab0677a28631d10389354c491 as process 8976
2025-09-29 10:28:30 0 [Note] InnoDB: Mutexes and rw_locks use Windows interlocked functions
2025-09-29 10:28:30 0 [Note] InnoDB: Uses event mutexes
2025-09-29 10:28:30 0 [Note] InnoDB: Compressed tables use zlib 1.3
2025-09-29 10:28:30 0 [Note] InnoDB: Number of pools: 1
2025-09-29 10:28:30 0 [Note] InnoDB: Using SSE2 crc32 instructions
2025-09-29 10:28:30 0 [Note] InnoDB: Initializing buffer pool, total size = 16M, instances = 1, chunk size = 16M
2025-09-29 10:28:30 0 [Note] InnoDB: Completed initialization of buffer pool
2025-09-29 10:28:30 0 [Note] InnoDB: Starting crash recovery from checkpoint LSN=7193831
2025-09-29 10:28:31 0 [Note] InnoDB: 128 out of 128 rollback segments are active.
2025-09-29 10:28:31 0 [Note] InnoDB: Removed temporary tablespace data file: "ibtmp1"
2025-09-29 10:28:31 0 [Note] InnoDB: Creating shared tablespace for temporary tables
2025-09-29 10:28:31 0 [Note] InnoDB: Setting file 'C:\OGS\Xampp\mysql\data\ibtmp1' size to 12 MB. Physically writing the file full; Please wait ...
2025-09-29 10:28:31 0 [Note] InnoDB: File 'C:\OGS\Xampp\mysql\data\ibtmp1' size is now 12 MB.
2025-09-29 10:28:31 0 [Note] InnoDB: Waiting for purge to start
2025-09-29 10:28:31 0 [Note] InnoDB: 10.4.32 started; log sequence number 7193840; transaction id 2899
2025-09-29 10:28:31 0 [Note] InnoDB: Loading buffer pool(s) from C:\OGS\Xampp\mysql\data\ib_buffer_pool
2025-09-29 10:28:31 0 [Note] Plugin 'FEEDBACK' is disabled.
2025-09-29 10:28:31 0 [Note] InnoDB: Buffer pool(s) load completed at 250929 10:28:31
2025-09-29 10:28:31 0 [Note] Server socket created on IP: '::'.
