[Thu Sep 18 14:38:54.587046 2025] [ssl:warn] [pid 1256:tid 496] AH01909: www.example.com:443:0 server certificate does NOT include an ID which matches the server name
[Thu Sep 18 14:38:54.627855 2025] [ssl:warn] [pid 1256:tid 496] AH01909: www.example.com:443:0 server certificate does NOT include an ID which matches the server name
[Thu Sep 18 14:38:54.656427 2025] [mpm_winnt:notice] [pid 1256:tid 496] AH00455: Apache/2.4.58 (Win64) OpenSSL/3.1.3 PHP/8.2.12 configured -- resuming normal operations
[Thu Sep 18 14:38:54.656427 2025] [mpm_winnt:notice] [pid 1256:tid 496] AH00456: Apache Lounge VS17 Server built: Oct 18 2023 13:03:18
[Thu Sep 18 14:38:54.656427 2025] [core:notice] [pid 1256:tid 496] AH00094: Command line: 'c:\\ogs\\xampp\\apache\\bin\\httpd.exe -d C:/OGS/Xampp/apache'
[Thu Sep 18 14:38:54.670253 2025] [mpm_winnt:notice] [pid 1256:tid 496] AH00418: Parent: Created child process 14632
[Thu Sep 18 14:38:55.082101 2025] [ssl:warn] [pid 14632:tid 476] AH01909: www.example.com:443:0 server certificate does NOT include an ID which matches the server name
[Thu Sep 18 14:38:55.120593 2025] [ssl:warn] [pid 14632:tid 476] AH01909: www.example.com:443:0 server certificate does NOT include an ID which matches the server name
[Thu Sep 18 14:38:55.149347 2025] [mpm_winnt:notice] [pid 14632:tid 476] AH00354: Child: Starting 150 worker threads.
[Mon Sep 22 10:36:05.408702 2025] [ssl:warn] [pid 6296:tid 488] AH01909: www.example.com:443:0 server certificate does NOT include an ID which matches the server name
[Mon Sep 22 10:36:05.457796 2025] [core:warn] [pid 6296:tid 488] AH00098: pid file C:/OGS/Xampp/apache/logs/httpd.pid overwritten -- Unclean shutdown of previous Apache run?
[Mon Sep 22 10:36:05.457796 2025] [ssl:warn] [pid 6296:tid 488] AH01909: www.example.com:443:0 server certificate does NOT include an ID which matches the server name
[Mon Sep 22 10:36:05.860678 2025] [mpm_winnt:notice] [pid 6296:tid 488] AH00455: Apache/2.4.58 (Win64) OpenSSL/3.1.3 PHP/8.2.12 configured -- resuming normal operations
[Mon Sep 22 10:36:05.860678 2025] [mpm_winnt:notice] [pid 6296:tid 488] AH00456: Apache Lounge VS17 Server built: Oct 18 2023 13:03:18
[Mon Sep 22 10:36:05.860678 2025] [core:notice] [pid 6296:tid 488] AH00094: Command line: 'apache\\bin\\httpd.exe -d C:/OGS/Xampp/apache -f conf\\httpd.conf'
[Mon Sep 22 10:36:05.869310 2025] [mpm_winnt:notice] [pid 6296:tid 488] AH00418: Parent: Created child process 12884
Apache server shutdown initiated...
sl:warn] [pid 12884:tid 512] AH01909: www.example.com:443:0 server certificate does NOT include an ID which matches the server name
[Mon Sep 22 10:36:06.268855 2025] [ssl:warn] [pid 12884:tid 512] AH01909: www.example.com:443:0 server certificate does NOT include an ID which matches the server name
[Mon Sep 22 10:36:06.294477 2025] [mpm_winnt:notice] [pid 12884:tid 512] AH00354: Child: Starting 150 worker threads.
[Mon Sep 22 10:36:06.501249 2025] [mpm_winnt:notice] [pid 6296:tid 488] AH00422: Parent: Received shutdown signal -- Shutting down the server.
[Mon Sep 22 10:36:08.523849 2025] [mpm_winnt:notice] [pid 12884:tid 512] AH00364: Child: All worker threads have exited.
[Mon Sep 22 10:36:08.545964 2025] [mpm_winnt:notice] [pid 6296:tid 488] AH00430: Parent: Child process 12884 exited successfully.
[Mon Sep 22 10:36:31.567922 2025] [ssl:warn] [pid 200:tid 476] AH01909: www.example.com:443:0 server certificate does NOT include an ID which matches the server name
[Mon Sep 22 10:36:31.599300 2025] [ssl:warn] [pid 200:tid 476] AH01909: www.example.com:443:0 server certificate does NOT include an ID which matches the server name
[Mon Sep 22 10:36:31.617626 2025] [mpm_winnt:notice] [pid 200:tid 476] AH00455: Apache/2.4.58 (Win64) OpenSSL/3.1.3 PHP/8.2.12 configured -- resuming normal operations
[Mon Sep 22 10:36:31.617626 2025] [mpm_winnt:notice] [pid 200:tid 476] AH00456: Apache Lounge VS17 Server built: Oct 18 2023 13:03:18
[Mon Sep 22 10:36:31.617626 2025] [core:notice] [pid 200:tid 476] AH00094: Command line: 'c:\\ogs\\xampp\\apache\\bin\\httpd.exe -d C:/OGS/Xampp/apache'
[Mon Sep 22 10:36:31.629158 2025] [mpm_winnt:notice] [pid 200:tid 476] AH00418: Parent: Created child process 14252
[Mon Sep 22 10:36:31.882254 2025] [ssl:warn] [pid 14252:tid 464] AH01909: www.example.com:443:0 server certificate does NOT include an ID which matches the server name
[Mon Sep 22 10:36:31.913853 2025] [ssl:warn] [pid 14252:tid 464] AH01909: www.example.com:443:0 server certificate does NOT include an ID which matches the server name
[Mon Sep 22 10:36:31.953449 2025] [mpm_winnt:notice] [pid 14252:tid 464] AH00354: Child: Starting 150 worker threads.
[Mon Sep 22 10:36:34.048116 2025] [mpm_winnt:crit] [pid 14252:tid 464] AH02538: Child: Parent process exited abruptly. Child process is ending
[Mon Sep 22 10:36:35.446731 2025] [ssl:warn] [pid 7764:tid 492] AH01909: www.example.com:443:0 server certificate does NOT include an ID which matches the server name
[Mon Sep 22 10:36:35.468865 2025] [core:warn] [pid 7764:tid 492] AH00098: pid file C:/OGS/Xampp/apache/logs/httpd.pid overwritten -- Unclean shutdown of previous Apache run?
[Mon Sep 22 10:36:35.484538 2025] [ssl:warn] [pid 7764:tid 492] AH01909: www.example.com:443:0 server certificate does NOT include an ID which matches the server name
[Mon Sep 22 10:36:35.515743 2025] [mpm_winnt:notice] [pid 7764:tid 492] AH00455: Apache/2.4.58 (Win64) OpenSSL/3.1.3 PHP/8.2.12 configured -- resuming normal operations
[Mon Sep 22 10:36:35.515743 2025] [mpm_winnt:notice] [pid 7764:tid 492] AH00456: Apache Lounge VS17 Server built: Oct 18 2023 13:03:18
[Mon Sep 22 10:36:35.515743 2025] [core:notice] [pid 7764:tid 492] AH00094: Command line: 'c:\\ogs\\xampp\\apache\\bin\\httpd.exe -d C:/OGS/Xampp/apache'
[Mon Sep 22 10:36:35.515743 2025] [mpm_winnt:notice] [pid 7764:tid 492] AH00418: Parent: Created child process 5000
[Mon Sep 22 10:36:35.893163 2025] [ssl:warn] [pid 5000:tid 464] AH01909: www.example.com:443:0 server certificate does NOT include an ID which matches the server name
[Mon Sep 22 10:36:35.932626 2025] [ssl:warn] [pid 5000:tid 464] AH01909: www.example.com:443:0 server certificate does NOT include an ID which matches the server name
[Mon Sep 22 10:36:35.959685 2025] [mpm_winnt:notice] [pid 5000:tid 464] AH00354: Child: Starting 150 worker threads.
[Mon Sep 22 10:37:08.965071 2025] [ssl:warn] [pid 2408:tid 448] AH01909: www.example.com:443:0 server certificate does NOT include an ID which matches the server name
[Mon Sep 22 10:37:09.016702 2025] [core:warn] [pid 2408:tid 448] AH00098: pid file C:/OGS/Xampp/apache/logs/httpd.pid overwritten -- Unclean shutdown of previous Apache run?
[Mon Sep 22 10:37:09.021048 2025] [ssl:warn] [pid 2408:tid 448] AH01909: www.example.com:443:0 server certificate does NOT include an ID which matches the server name
[Mon Sep 22 10:37:09.044701 2025] [mpm_winnt:notice] [pid 2408:tid 448] AH00455: Apache/2.4.58 (Win64) OpenSSL/3.1.3 PHP/8.2.12 configured -- resuming normal operations
[Mon Sep 22 10:37:09.044701 2025] [mpm_winnt:notice] [pid 2408:tid 448] AH00456: Apache Lounge VS17 Server built: Oct 18 2023 13:03:18
[Mon Sep 22 10:37:09.044701 2025] [core:notice] [pid 2408:tid 448] AH00094: Command line: 'c:\\ogs\\xampp\\apache\\bin\\httpd.exe -d C:/OGS/Xampp/apache'
[Mon Sep 22 10:37:09.044701 2025] [mpm_winnt:notice] [pid 2408:tid 448] AH00418: Parent: Created child process 13684
[Mon Sep 22 10:37:09.322381 2025] [ssl:warn] [pid 13684:tid 440] AH01909: www.example.com:443:0 server certificate does NOT include an ID which matches the server name
[Mon Sep 22 10:37:09.360577 2025] [ssl:warn] [pid 13684:tid 440] AH01909: www.example.com:443:0 server certificate does NOT include an ID which matches the server name
[Mon Sep 22 10:37:09.388426 2025] [mpm_winnt:notice] [pid 13684:tid 440] AH00354: Child: Starting 150 worker threads.
[Mon Sep 22 10:49:32.840425 2025] [mpm_winnt:crit] [pid 13684:tid 440] AH02538: Child: Parent process exited abruptly. Child process is ending
[Mon Sep 22 10:49:35.117032 2025] [ssl:warn] [pid 864:tid 460] AH01909: www.example.com:443:0 server certificate does NOT include an ID which matches the server name
[Mon Sep 22 10:49:35.146265 2025] [core:warn] [pid 864:tid 460] AH00098: pid file C:/OGS/Xampp/apache/logs/httpd.pid overwritten -- Unclean shutdown of previous Apache run?
[Mon Sep 22 10:49:35.146265 2025] [ssl:warn] [pid 864:tid 460] AH01909: www.example.com:443:0 server certificate does NOT include an ID which matches the server name
[Mon Sep 22 10:49:35.177669 2025] [mpm_winnt:notice] [pid 864:tid 460] AH00455: Apache/2.4.58 (Win64) OpenSSL/3.1.3 PHP/8.2.12 configured -- resuming normal operations
[Mon Sep 22 10:49:35.177669 2025] [mpm_winnt:notice] [pid 864:tid 460] AH00456: Apache Lounge VS17 Server built: Oct 18 2023 13:03:18
[Mon Sep 22 10:49:35.177669 2025] [core:notice] [pid 864:tid 460] AH00094: Command line: 'c:\\ogs\\xampp\\apache\\bin\\httpd.exe -d C:/OGS/Xampp/apache'
[Mon Sep 22 10:49:35.177669 2025] [mpm_winnt:notice] [pid 864:tid 460] AH00418: Parent: Created child process 992
[Mon Sep 22 10:49:35.579345 2025] [ssl:warn] [pid 992:tid 448] AH01909: www.example.com:443:0 server certificate does NOT include an ID which matches the server name
[Mon Sep 22 10:49:35.606969 2025] [ssl:warn] [pid 992:tid 448] AH01909: www.example.com:443:0 server certificate does NOT include an ID which matches the server name
[Mon Sep 22 10:49:35.625522 2025] [mpm_winnt:notice] [pid 992:tid 448] AH00354: Child: Starting 150 worker threads.
[Mon Sep 22 10:50:14.268980 2025] [mpm_winnt:crit] [pid 992:tid 448] AH02538: Child: Parent process exited abruptly. Child process is ending
[Mon Sep 22 10:51:50.545561 2025] [ssl:warn] [pid 13820:tid 444] AH01909: www.example.com:443:0 server certificate does NOT include an ID which matches the server name
[Mon Sep 22 10:51:50.577187 2025] [core:warn] [pid 13820:tid 444] AH00098: pid file C:/OGS/Xampp/apache/logs/httpd.pid overwritten -- Unclean shutdown of previous Apache run?
[Mon Sep 22 10:51:50.583219 2025] [ssl:warn] [pid 13820:tid 444] AH01909: www.example.com:443:0 server certificate does NOT include an ID which matches the server name
[Mon Sep 22 10:51:50.608913 2025] [mpm_winnt:notice] [pid 13820:tid 444] AH00455: Apache/2.4.58 (Win64) OpenSSL/3.1.3 PHP/8.2.12 configured -- resuming normal operations
[Mon Sep 22 10:51:50.608913 2025] [mpm_winnt:notice] [pid 13820:tid 444] AH00456: Apache Lounge VS17 Server built: Oct 18 2023 13:03:18
[Mon Sep 22 10:51:50.608913 2025] [core:notice] [pid 13820:tid 444] AH00094: Command line: 'c:\\ogs\\xampp\\apache\\bin\\httpd.exe -d C:/OGS/Xampp/apache'
[Mon Sep 22 10:51:50.608913 2025] [mpm_winnt:notice] [pid 13820:tid 444] AH00418: Parent: Created child process 12376
[Mon Sep 22 10:51:50.879964 2025] [ssl:warn] [pid 12376:tid 440] AH01909: www.example.com:443:0 server certificate does NOT include an ID which matches the server name
[Mon Sep 22 10:51:50.910770 2025] [ssl:warn] [pid 12376:tid 440] AH01909: www.example.com:443:0 server certificate does NOT include an ID which matches the server name
[Mon Sep 22 10:51:50.928805 2025] [mpm_winnt:notice] [pid 12376:tid 440] AH00354: Child: Starting 150 worker threads.
[Mon Sep 22 10:54:31.397854 2025] [mpm_winnt:crit] [pid 12376:tid 440] AH02538: Child: Parent process exited abruptly. Child process is ending
[Mon Sep 22 10:54:53.421805 2025] [ssl:warn] [pid 1428:tid 444] AH01909: www.example.com:443:0 server certificate does NOT include an ID which matches the server name
[Mon Sep 22 10:54:53.451416 2025] [core:warn] [pid 1428:tid 444] AH00098: pid file C:/OGS/Xampp/apache/logs/httpd.pid overwritten -- Unclean shutdown of previous Apache run?
[Mon Sep 22 10:54:53.451416 2025] [ssl:warn] [pid 1428:tid 444] AH01909: www.example.com:443:0 server certificate does NOT include an ID which matches the server name
[Mon Sep 22 10:54:53.483079 2025] [mpm_winnt:notice] [pid 1428:tid 444] AH00455: Apache/2.4.58 (Win64) OpenSSL/3.1.3 PHP/8.2.12 configured -- resuming normal operations
[Mon Sep 22 10:54:53.483079 2025] [mpm_winnt:notice] [pid 1428:tid 444] AH00456: Apache Lounge VS17 Server built: Oct 18 2023 13:03:18
[Mon Sep 22 10:54:53.483079 2025] [core:notice] [pid 1428:tid 444] AH00094: Command line: 'c:\\ogs\\xampp\\apache\\bin\\httpd.exe -d C:/OGS/Xampp/apache'
[Mon Sep 22 10:54:53.483079 2025] [mpm_winnt:notice] [pid 1428:tid 444] AH00418: Parent: Created child process 14328
[Mon Sep 22 10:54:53.752883 2025] [ssl:warn] [pid 14328:tid 472] AH01909: www.example.com:443:0 server certificate does NOT include an ID which matches the server name
[Mon Sep 22 10:54:53.789769 2025] [ssl:warn] [pid 14328:tid 472] AH01909: www.example.com:443:0 server certificate does NOT include an ID which matches the server name
[Mon Sep 22 10:54:53.819653 2025] [mpm_winnt:notice] [pid 14328:tid 472] AH00354: Child: Starting 150 worker threads.
[Mon Sep 22 11:29:03.915627 2025] [ssl:warn] [pid 11224:tid 460] AH01909: www.example.com:443:0 server certificate does NOT include an ID which matches the server name
[Mon Sep 22 11:29:03.947410 2025] [core:warn] [pid 11224:tid 460] AH00098: pid file C:/OGS/Xampp/apache/logs/httpd.pid overwritten -- Unclean shutdown of previous Apache run?
[Mon Sep 22 11:29:03.947410 2025] [ssl:warn] [pid 11224:tid 460] AH01909: www.example.com:443:0 server certificate does NOT include an ID which matches the server name
[Mon Sep 22 11:29:04.394884 2025] [mpm_winnt:notice] [pid 11224:tid 460] AH00455: Apache/2.4.58 (Win64) OpenSSL/3.1.3 PHP/8.2.12 configured -- resuming normal operations
[Mon Sep 22 11:29:04.394884 2025] [mpm_winnt:notice] [pid 11224:tid 460] AH00456: Apache Lounge VS17 Server built: Oct 18 2023 13:03:18
[Mon Sep 22 11:29:04.394884 2025] [core:notice] [pid 11224:tid 460] AH00094: Command line: 'c:\\ogs\\xampp\\apache\\bin\\httpd.exe -d C:/OGS/Xampp/apache'
[Mon Sep 22 11:29:04.410531 2025] [mpm_winnt:notice] [pid 11224:tid 460] AH00418: Parent: Created child process 10616
[Mon Sep 22 11:29:04.800613 2025] [ssl:warn] [pid 10616:tid 456] AH01909: www.example.com:443:0 server certificate does NOT include an ID which matches the server name
[Mon Sep 22 11:29:04.835140 2025] [ssl:warn] [pid 10616:tid 456] AH01909: www.example.com:443:0 server certificate does NOT include an ID which matches the server name
[Mon Sep 22 11:29:04.872215 2025] [mpm_winnt:notice] [pid 10616:tid 456] AH00354: Child: Starting 150 worker threads.
[Mon Sep 22 12:25:43.339733 2025] [php:notice] [pid 10616:tid 1896] [client ::1:50783] Error de evento de anulaci\xc3\xb3n de programaci\xc3\xb3n de cron para el gancho: do_pings. C\xc3\xb3digo de error: could_not_set. Mensaje de error: No se ha podido guardar la lista de eventos del cron.. Datos: {"schedule":false,"args":[]}
[Tue Sep 23 12:24:11.912681 2025] [ssl:warn] [pid 6228:tid 468] AH01909: www.example.com:443:0 server certificate does NOT include an ID which matches the server name
[Tue Sep 23 12:24:11.946646 2025] [core:warn] [pid 6228:tid 468] AH00098: pid file C:/OGS/Xampp/apache/logs/httpd.pid overwritten -- Unclean shutdown of previous Apache run?
[Tue Sep 23 12:24:11.946646 2025] [ssl:warn] [pid 6228:tid 468] AH01909: www.example.com:443:0 server certificate does NOT include an ID which matches the server name
[Tue Sep 23 12:24:12.401170 2025] [mpm_winnt:notice] [pid 6228:tid 468] AH00455: Apache/2.4.58 (Win64) OpenSSL/3.1.3 PHP/8.2.12 configured -- resuming normal operations
[Tue Sep 23 12:24:12.401170 2025] [mpm_winnt:notice] [pid 6228:tid 468] AH00456: Apache Lounge VS17 Server built: Oct 18 2023 13:03:18
[Tue Sep 23 12:24:12.401170 2025] [core:notice] [pid 6228:tid 468] AH00094: Command line: 'c:\\ogs\\xampp\\apache\\bin\\httpd.exe -d C:/OGS/Xampp/apache'
[Tue Sep 23 12:24:12.401170 2025] [mpm_winnt:notice] [pid 6228:tid 468] AH00418: Parent: Created child process 7880
[Tue Sep 23 12:24:12.680225 2025] [ssl:warn] [pid 7880:tid 480] AH01909: www.example.com:443:0 server certificate does NOT include an ID which matches the server name
[Tue Sep 23 12:24:12.712208 2025] [ssl:warn] [pid 7880:tid 480] AH01909: www.example.com:443:0 server certificate does NOT include an ID which matches the server name
[Tue Sep 23 12:24:12.743891 2025] [mpm_winnt:notice] [pid 7880:tid 480] AH00354: Child: Starting 150 worker threads.
[Wed Sep 24 09:38:25.725775 2025] [ssl:warn] [pid 12576:tid 444] AH01909: www.example.com:443:0 server certificate does NOT include an ID which matches the server name
[Wed Sep 24 09:38:25.763051 2025] [core:warn] [pid 12576:tid 444] AH00098: pid file C:/OGS/Xampp/apache/logs/httpd.pid overwritten -- Unclean shutdown of previous Apache run?
[Wed Sep 24 09:38:25.763051 2025] [ssl:warn] [pid 12576:tid 444] AH01909: www.example.com:443:0 server certificate does NOT include an ID which matches the server name
[Wed Sep 24 09:38:26.247796 2025] [mpm_winnt:notice] [pid 12576:tid 444] AH00455: Apache/2.4.58 (Win64) OpenSSL/3.1.3 PHP/8.2.12 configured -- resuming normal operations
[Wed Sep 24 09:38:26.247796 2025] [mpm_winnt:notice] [pid 12576:tid 444] AH00456: Apache Lounge VS17 Server built: Oct 18 2023 13:03:18
[Wed Sep 24 09:38:26.247796 2025] [core:notice] [pid 12576:tid 444] AH00094: Command line: 'c:\\ogs\\xampp\\apache\\bin\\httpd.exe -d C:/OGS/Xampp/apache'
[Wed Sep 24 09:38:26.248663 2025] [mpm_winnt:notice] [pid 12576:tid 444] AH00418: Parent: Created child process 13372
[Wed Sep 24 09:38:26.530615 2025] [ssl:warn] [pid 13372:tid 452] AH01909: www.example.com:443:0 server certificate does NOT include an ID which matches the server name
[Wed Sep 24 09:38:26.562635 2025] [ssl:warn] [pid 13372:tid 452] AH01909: www.example.com:443:0 server certificate does NOT include an ID which matches the server name
[Wed Sep 24 09:38:26.594373 2025] [mpm_winnt:notice] [pid 13372:tid 452] AH00354: Child: Starting 150 worker threads.
[Wed Sep 24 09:59:35.800110 2025] [ssl:warn] [pid 11996:tid 468] AH01909: www.example.com:443:0 server certificate does NOT include an ID which matches the server name
[Wed Sep 24 09:59:35.831807 2025] [core:warn] [pid 11996:tid 468] AH00098: pid file C:/OGS/Xampp/apache/logs/httpd.pid overwritten -- Unclean shutdown of previous Apache run?
[Wed Sep 24 09:59:35.831807 2025] [ssl:warn] [pid 11996:tid 468] AH01909: www.example.com:443:0 server certificate does NOT include an ID which matches the server name
[Wed Sep 24 09:59:35.863398 2025] [mpm_winnt:notice] [pid 11996:tid 468] AH00455: Apache/2.4.58 (Win64) OpenSSL/3.1.3 PHP/8.2.12 configured -- resuming normal operations
[Wed Sep 24 09:59:35.863398 2025] [mpm_winnt:notice] [pid 11996:tid 468] AH00456: Apache Lounge VS17 Server built: Oct 18 2023 13:03:18
[Wed Sep 24 09:59:35.863398 2025] [core:notice] [pid 11996:tid 468] AH00094: Command line: 'c:\\ogs\\xampp\\apache\\bin\\httpd.exe -d C:/OGS/Xampp/apache'
[Wed Sep 24 09:59:35.863398 2025] [mpm_winnt:notice] [pid 11996:tid 468] AH00418: Parent: Created child process 852
[Wed Sep 24 09:59:36.131339 2025] [ssl:warn] [pid 852:tid 448] AH01909: www.example.com:443:0 server certificate does NOT include an ID which matches the server name
[Wed Sep 24 09:59:36.163345 2025] [ssl:warn] [pid 852:tid 448] AH01909: www.example.com:443:0 server certificate does NOT include an ID which matches the server name
[Wed Sep 24 09:59:36.195425 2025] [mpm_winnt:notice] [pid 852:tid 448] AH00354: Child: Starting 150 worker threads.
[Thu Sep 25 14:02:17.172296 2025] [ssl:warn] [pid 13500:tid 460] AH01909: www.example.com:443:0 server certificate does NOT include an ID which matches the server name
[Thu Sep 25 14:02:17.204424 2025] [core:warn] [pid 13500:tid 460] AH00098: pid file C:/OGS/Xampp/apache/logs/httpd.pid overwritten -- Unclean shutdown of previous Apache run?
[Thu Sep 25 14:02:17.204424 2025] [ssl:warn] [pid 13500:tid 460] AH01909: www.example.com:443:0 server certificate does NOT include an ID which matches the server name
[Thu Sep 25 14:02:17.569149 2025] [mpm_winnt:notice] [pid 13500:tid 460] AH00455: Apache/2.4.58 (Win64) OpenSSL/3.1.3 PHP/8.2.12 configured -- resuming normal operations
[Thu Sep 25 14:02:17.569149 2025] [mpm_winnt:notice] [pid 13500:tid 460] AH00456: Apache Lounge VS17 Server built: Oct 18 2023 13:03:18
[Thu Sep 25 14:02:17.569149 2025] [core:notice] [pid 13500:tid 460] AH00094: Command line: 'c:\\ogs\\xampp\\apache\\bin\\httpd.exe -d C:/OGS/Xampp/apache'
[Thu Sep 25 14:02:17.571351 2025] [mpm_winnt:notice] [pid 13500:tid 460] AH00418: Parent: Created child process 12816
[Thu Sep 25 14:02:17.843584 2025] [ssl:warn] [pid 12816:tid 484] AH01909: www.example.com:443:0 server certificate does NOT include an ID which matches the server name
[Thu Sep 25 14:02:17.871984 2025] [ssl:warn] [pid 12816:tid 484] AH01909: www.example.com:443:0 server certificate does NOT include an ID which matches the server name
[Thu Sep 25 14:02:17.903834 2025] [mpm_winnt:notice] [pid 12816:tid 484] AH00354: Child: Starting 150 worker threads.
[Mon Sep 29 10:28:30.151229 2025] [ssl:warn] [pid 3928:tid 480] AH01909: www.example.com:443:0 server certificate does NOT include an ID which matches the server name
[Mon Sep 29 10:28:30.183158 2025] [core:warn] [pid 3928:tid 480] AH00098: pid file C:/OGS/Xampp/apache/logs/httpd.pid overwritten -- Unclean shutdown of previous Apache run?
[Mon Sep 29 10:28:30.183158 2025] [ssl:warn] [pid 3928:tid 480] AH01909: www.example.com:443:0 server certificate does NOT include an ID which matches the server name
[Mon Sep 29 10:28:30.607825 2025] [mpm_winnt:notice] [pid 3928:tid 480] AH00455: Apache/2.4.58 (Win64) OpenSSL/3.1.3 PHP/8.2.12 configured -- resuming normal operations
[Mon Sep 29 10:28:30.607825 2025] [mpm_winnt:notice] [pid 3928:tid 480] AH00456: Apache Lounge VS17 Server built: Oct 18 2023 13:03:18
[Mon Sep 29 10:28:30.607825 2025] [core:notice] [pid 3928:tid 480] AH00094: Command line: 'c:\\ogs\\xampp\\apache\\bin\\httpd.exe -d C:/OGS/Xampp/apache'
[Mon Sep 29 10:28:30.607825 2025] [mpm_winnt:notice] [pid 3928:tid 480] AH00418: Parent: Created child process 6296
[Mon Sep 29 10:28:30.895085 2025] [ssl:warn] [pid 6296:tid 448] AH01909: www.example.com:443:0 server certificate does NOT include an ID which matches the server name
[Mon Sep 29 10:28:30.927325 2025] [ssl:warn] [pid 6296:tid 448] AH01909: www.example.com:443:0 server certificate does NOT include an ID which matches the server name
[Mon Sep 29 10:28:30.956274 2025] [mpm_winnt:notice] [pid 6296:tid 448] AH00354: Child: Starting 150 worker threads.
